INFO  - 2015-06-25 09:09:15.907; [   ] org.eclipse.jetty.util.log.Log; Logging initialized @626ms
INFO  - 2015-06-25 09:09:16.673; [   ] org.eclipse.jetty.server.Server; jetty-9.2.10.v20150310
WARN  - 2015-06-25 09:09:16.729; [   ] org.eclipse.jetty.server.handler.RequestLogHandler; !RequestLog
INFO  - 2015-06-25 09:09:16.732; [   ] org.eclipse.jetty.deploy.providers.ScanningAppProvider; Deployment monitor [file:/home/innovator/Downloads/solr-5.2.1/server/contexts/] at interval 0
INFO  - 2015-06-25 09:09:17.941; [   ] org.eclipse.jetty.webapp.StandardDescriptorProcessor; NO JSP Support for /solr, did not find org.apache.jasper.servlet.JspServlet
WARN  - 2015-06-25 09:09:18.146; [   ] org.eclipse.jetty.security.ConstraintSecurityHandler; ServletContext@o.e.j.w.WebAppContext@158af63{/solr,file:/home/innovator/Downloads/solr-5.2.1/server/solr-webapp/webapp/,STARTING}{/solr.war} has uncovered http methods for path: /
INFO  - 2015-06-25 09:09:18.238; [   ] org.apache.solr.servlet.SolrDispatchFilter; SolrDispatchFilter.init()WebAppClassLoader=10598305@a1b7a1
INFO  - 2015-06-25 09:09:18.269; [   ] org.apache.solr.core.SolrResourceLoader; JNDI not configured for solr (NoInitialContextEx)
INFO  - 2015-06-25 09:09:18.269; [   ] org.apache.solr.core.SolrResourceLoader; using system property solr.solr.home: /home/innovator/Downloads/solr-5.2.1/server/solr
INFO  - 2015-06-25 09:09:18.278; [   ] org.apache.solr.core.SolrResourceLoader; new SolrResourceLoader for directory: '/home/innovator/Downloads/solr-5.2.1/server/solr/'
INFO  - 2015-06-25 09:09:18.429; [   ] org.apache.solr.core.SolrXmlConfig; Loading container configuration from /home/innovator/Downloads/solr-5.2.1/server/solr/solr.xml
INFO  - 2015-06-25 09:09:18.736; [   ] org.apache.solr.core.CorePropertiesLocator; Config-defined core root directory: /home/innovator/Downloads/solr-5.2.1/server/solr
INFO  - 2015-06-25 09:09:18.817; [   ] org.apache.solr.core.CoreContainer; New CoreContainer 10194717
INFO  - 2015-06-25 09:09:18.817; [   ] org.apache.solr.core.CoreContainer; Loading cores into CoreContainer [instanceDir=/home/innovator/Downloads/solr-5.2.1/server/solr/]
INFO  - 2015-06-25 09:09:18.817; [   ] org.apache.solr.core.CoreContainer; loading shared library: /home/innovator/Downloads/solr-5.2.1/server/solr/lib
WARN  - 2015-06-25 09:09:18.818; [   ] org.apache.solr.core.SolrResourceLoader; Can't find (or read) directory to add to classloader: lib (resolved as: /home/innovator/Downloads/solr-5.2.1/server/solr/lib).
INFO  - 2015-06-25 09:09:18.851; [   ] org.apache.solr.handler.component.HttpShardHandlerFactory; created with socketTimeout : 600000,connTimeout : 60000,maxConnectionsPerHost : 20,maxConnections : 10000,corePoolSize : 0,maximumPoolSize : 2147483647,maxThreadIdleTime : 5,sizeOfQueue : -1,fairnessPolicy : false,useRetries : false,
INFO  - 2015-06-25 09:09:19.867; [   ] org.apache.solr.update.UpdateShardHandler; Creating UpdateShardHandler HTTP client with params: socketTimeout=600000&connTimeout=60000&retry=true
INFO  - 2015-06-25 09:09:19.869; [   ] org.apache.solr.logging.LogWatcher; SLF4J impl is org.slf4j.impl.Log4jLoggerFactory
INFO  - 2015-06-25 09:09:19.870; [   ] org.apache.solr.logging.LogWatcher; Registering Log Listener [Log4j (org.slf4j.impl.Log4jLoggerFactory)]
INFO  - 2015-06-25 09:09:19.871; [   ] org.apache.solr.core.CoreContainer; Node Name: 
INFO  - 2015-06-25 09:09:19.871; [   ] org.apache.solr.core.CoreContainer; No authentication plugin used.
INFO  - 2015-06-25 09:09:19.936; [   ] org.apache.solr.core.CorePropertiesLocator; Looking for core definitions underneath /home/innovator/Downloads/solr-5.2.1/server/solr
INFO  - 2015-06-25 09:09:19.955; [   ] org.apache.solr.core.CoreDescriptor; CORE DESCRIPTOR: {name=geospace, config=solrconfig.xml, instanceDir=/home/innovator/Downloads/solr-5.2.1/server/solr/geospace, loadOnStartup=true, absoluteInstDir=/home/innovator/Downloads/solr-5.2.1/server/solr/geospace/, schema=schema.xml, transient=false, dataDir=data/}
INFO  - 2015-06-25 09:09:19.955; [   ] org.apache.solr.core.CorePropertiesLocator; Found core geospace in /home/innovator/Downloads/solr-5.2.1/server/solr/geospace/
INFO  - 2015-06-25 09:09:20.008; [   ] org.apache.solr.core.CorePropertiesLocator; Found 1 core definitions
INFO  - 2015-06-25 09:09:20.011; [   ] org.apache.solr.core.SolrResourceLoader; new SolrResourceLoader for directory: '/home/innovator/Downloads/solr-5.2.1/server/solr/geospace/'
INFO  - 2015-06-25 09:09:20.090; [   ] org.apache.solr.core.SolrConfig; current version of requestparams : 0
INFO  - 2015-06-25 09:09:20.098; [   ] org.apache.solr.core.SolrConfig; Adding specified lib dirs to ClassLoader
INFO  - 2015-06-25 09:09:20.113; [   ] org.apache.solr.core.SolrResourceLoader; Adding 'file:/home/innovator/Downloads/solr-5.2.1/contrib/extraction/lib/jdom-1.0.jar' to classloader
INFO  - 2015-06-25 09:09:20.114; [   ] org.apache.solr.core.SolrResourceLoader; Adding 'file:/home/innovator/Downloads/solr-5.2.1/contrib/extraction/lib/apache-mime4j-core-0.7.2.jar' to classloader
INFO  - 2015-06-25 09:09:20.114; [   ] org.apache.solr.core.SolrResourceLoader; Adding 'file:/home/innovator/Downloads/solr-5.2.1/contrib/extraction/lib/commons-compress-1.8.1.jar' to classloader
INFO  - 2015-06-25 09:09:20.115; [   ] org.apache.solr.core.SolrResourceLoader; Adding 'file:/home/innovator/Downloads/solr-5.2.1/contrib/extraction/lib/xmlbeans-2.6.0.jar' to classloader
INFO  - 2015-06-25 09:09:20.115; [   ] org.apache.solr.core.SolrResourceLoader; Adding 'file:/home/innovator/Downloads/solr-5.2.1/contrib/extraction/lib/bcprov-jdk15-1.45.jar' to classloader
INFO  - 2015-06-25 09:09:20.116; [   ] org.apache.solr.core.SolrResourceLoader; Adding 'file:/home/innovator/Downloads/solr-5.2.1/contrib/extraction/lib/tika-xmp-1.7.jar' to classloader
INFO  - 2015-06-25 09:09:20.116; [   ] org.apache.solr.core.SolrResourceLoader; Adding 'file:/home/innovator/Downloads/solr-5.2.1/contrib/extraction/lib/xercesImpl-2.9.1.jar' to classloader
INFO  - 2015-06-25 09:09:20.116; [   ] org.apache.solr.core.SolrResourceLoader; Adding 'file:/home/innovator/Downloads/solr-5.2.1/contrib/extraction/lib/boilerpipe-1.1.0.jar' to classloader
INFO  - 2015-06-25 09:09:20.117; [   ] org.apache.solr.core.SolrResourceLoader; Adding 'file:/home/innovator/Downloads/solr-5.2.1/contrib/extraction/lib/poi-3.11.jar' to classloader
INFO  - 2015-06-25 09:09:20.117; [   ] org.apache.solr.core.SolrResourceLoader; Adding 'file:/home/innovator/Downloads/solr-5.2.1/contrib/extraction/lib/tika-core-1.7.jar' to classloader
INFO  - 2015-06-25 09:09:20.117; [   ] org.apache.solr.core.SolrResourceLoader; Adding 'file:/home/innovator/Downloads/solr-5.2.1/contrib/extraction/lib/jempbox-1.8.8.jar' to classloader
INFO  - 2015-06-25 09:09:20.117; [   ] org.apache.solr.core.SolrResourceLoader; Adding 'file:/home/innovator/Downloads/solr-5.2.1/contrib/extraction/lib/tika-java7-1.7.jar' to classloader
INFO  - 2015-06-25 09:09:20.118; [   ] org.apache.solr.core.SolrResourceLoader; Adding 'file:/home/innovator/Downloads/solr-5.2.1/contrib/extraction/lib/vorbis-java-core-0.6.jar' to classloader
INFO  - 2015-06-25 09:09:20.118; [   ] org.apache.solr.core.SolrResourceLoader; Adding 'file:/home/innovator/Downloads/solr-5.2.1/contrib/extraction/lib/bcmail-jdk15-1.45.jar' to classloader
INFO  - 2015-06-25 09:09:20.118; [   ] org.apache.solr.core.SolrResourceLoader; Adding 'file:/home/innovator/Downloads/solr-5.2.1/contrib/extraction/lib/rome-1.0.jar' to classloader
INFO  - 2015-06-25 09:09:20.118; [   ] org.apache.solr.core.SolrResourceLoader; Adding 'file:/home/innovator/Downloads/solr-5.2.1/contrib/extraction/lib/xz-1.5.jar' to classloader
INFO  - 2015-06-25 09:09:20.119; [   ] org.apache.solr.core.SolrResourceLoader; Adding 'file:/home/innovator/Downloads/solr-5.2.1/contrib/extraction/lib/pdfbox-1.8.8.jar' to classloader
INFO  - 2015-06-25 09:09:20.119; [   ] org.apache.solr.core.SolrResourceLoader; Adding 'file:/home/innovator/Downloads/solr-5.2.1/contrib/extraction/lib/fontbox-1.8.8.jar' to classloader
INFO  - 2015-06-25 09:09:20.119; [   ] org.apache.solr.core.SolrResourceLoader; Adding 'file:/home/innovator/Downloads/solr-5.2.1/contrib/extraction/lib/aspectjrt-1.8.0.jar' to classloader
INFO  - 2015-06-25 09:09:20.119; [   ] org.apache.solr.core.SolrResourceLoader; Adding 'file:/home/innovator/Downloads/solr-5.2.1/contrib/extraction/lib/xmpcore-5.1.2.jar' to classloader
INFO  - 2015-06-25 09:09:20.120; [   ] org.apache.solr.core.SolrResourceLoader; Adding 'file:/home/innovator/Downloads/solr-5.2.1/contrib/extraction/lib/apache-mime4j-dom-0.7.2.jar' to classloader
INFO  - 2015-06-25 09:09:20.120; [   ] org.apache.solr.core.SolrResourceLoader; Adding 'file:/home/innovator/Downloads/solr-5.2.1/contrib/extraction/lib/vorbis-java-tika-0.6.jar' to classloader
INFO  - 2015-06-25 09:09:20.120; [   ] org.apache.solr.core.SolrResourceLoader; Adding 'file:/home/innovator/Downloads/solr-5.2.1/contrib/extraction/lib/isoparser-1.0.2.jar' to classloader
INFO  - 2015-06-25 09:09:20.120; [   ] org.apache.solr.core.SolrResourceLoader; Adding 'file:/home/innovator/Downloads/solr-5.2.1/contrib/extraction/lib/poi-ooxml-schemas-3.11.jar' to classloader
INFO  - 2015-06-25 09:09:20.121; [   ] org.apache.solr.core.SolrResourceLoader; Adding 'file:/home/innovator/Downloads/solr-5.2.1/contrib/extraction/lib/metadata-extractor-2.6.2.jar' to classloader
INFO  - 2015-06-25 09:09:20.121; [   ] org.apache.solr.core.SolrResourceLoader; Adding 'file:/home/innovator/Downloads/solr-5.2.1/contrib/extraction/lib/poi-ooxml-3.11.jar' to classloader
INFO  - 2015-06-25 09:09:20.121; [   ] org.apache.solr.core.SolrResourceLoader; Adding 'file:/home/innovator/Downloads/solr-5.2.1/contrib/extraction/lib/icu4j-54.1.jar' to classloader
INFO  - 2015-06-25 09:09:20.121; [   ] org.apache.solr.core.SolrResourceLoader; Adding 'file:/home/innovator/Downloads/solr-5.2.1/contrib/extraction/lib/poi-scratchpad-3.11.jar' to classloader
INFO  - 2015-06-25 09:09:20.122; [   ] org.apache.solr.core.SolrResourceLoader; Adding 'file:/home/innovator/Downloads/solr-5.2.1/contrib/extraction/lib/juniversalchardet-1.0.3.jar' to classloader
INFO  - 2015-06-25 09:09:20.122; [   ] org.apache.solr.core.SolrResourceLoader; Adding 'file:/home/innovator/Downloads/solr-5.2.1/contrib/extraction/lib/tika-parsers-1.7.jar' to classloader
INFO  - 2015-06-25 09:09:20.122; [   ] org.apache.solr.core.SolrResourceLoader; Adding 'file:/home/innovator/Downloads/solr-5.2.1/contrib/extraction/lib/java-libpst-0.8.1.jar' to classloader
INFO  - 2015-06-25 09:09:20.123; [   ] org.apache.solr.core.SolrResourceLoader; Adding 'file:/home/innovator/Downloads/solr-5.2.1/contrib/extraction/lib/jmatio-1.0.jar' to classloader
INFO  - 2015-06-25 09:09:20.123; [   ] org.apache.solr.core.SolrResourceLoader; Adding 'file:/home/innovator/Downloads/solr-5.2.1/contrib/extraction/lib/tagsoup-1.2.1.jar' to classloader
INFO  - 2015-06-25 09:09:20.124; [   ] org.apache.solr.core.SolrResourceLoader; Adding 'file:/home/innovator/Downloads/solr-5.2.1/dist/solr-cell-5.2.1.jar' to classloader
INFO  - 2015-06-25 09:09:20.125; [   ] org.apache.solr.core.SolrResourceLoader; Adding 'file:/home/innovator/Downloads/solr-5.2.1/contrib/clustering/lib/simple-xml-2.7.jar' to classloader
INFO  - 2015-06-25 09:09:20.126; [   ] org.apache.solr.core.SolrResourceLoader; Adding 'file:/home/innovator/Downloads/solr-5.2.1/contrib/clustering/lib/jackson-core-asl-1.9.13.jar' to classloader
INFO  - 2015-06-25 09:09:20.126; [   ] org.apache.solr.core.SolrResourceLoader; Adding 'file:/home/innovator/Downloads/solr-5.2.1/contrib/clustering/lib/mahout-math-0.6.jar' to classloader
INFO  - 2015-06-25 09:09:20.126; [   ] org.apache.solr.core.SolrResourceLoader; Adding 'file:/home/innovator/Downloads/solr-5.2.1/contrib/clustering/lib/mahout-collections-1.0.jar' to classloader
INFO  - 2015-06-25 09:09:20.126; [   ] org.apache.solr.core.SolrResourceLoader; Adding 'file:/home/innovator/Downloads/solr-5.2.1/contrib/clustering/lib/attributes-binder-1.2.1.jar' to classloader
INFO  - 2015-06-25 09:09:20.127; [   ] org.apache.solr.core.SolrResourceLoader; Adding 'file:/home/innovator/Downloads/solr-5.2.1/contrib/clustering/lib/hppc-0.5.2.jar' to classloader
INFO  - 2015-06-25 09:09:20.127; [   ] org.apache.solr.core.SolrResourceLoader; Adding 'file:/home/innovator/Downloads/solr-5.2.1/contrib/clustering/lib/carrot2-mini-3.9.0.jar' to classloader
INFO  - 2015-06-25 09:09:20.127; [   ] org.apache.solr.core.SolrResourceLoader; Adding 'file:/home/innovator/Downloads/solr-5.2.1/contrib/clustering/lib/jackson-mapper-asl-1.9.13.jar' to classloader
INFO  - 2015-06-25 09:09:20.128; [   ] org.apache.solr.core.SolrResourceLoader; Adding 'file:/home/innovator/Downloads/solr-5.2.1/dist/solr-clustering-5.2.1.jar' to classloader
INFO  - 2015-06-25 09:09:20.137; [   ] org.apache.solr.core.SolrResourceLoader; Adding 'file:/home/innovator/Downloads/solr-5.2.1/contrib/langid/lib/jsonic-1.2.7.jar' to classloader
INFO  - 2015-06-25 09:09:20.137; [   ] org.apache.solr.core.SolrResourceLoader; Adding 'file:/home/innovator/Downloads/solr-5.2.1/contrib/langid/lib/langdetect-1.1-20120112.jar' to classloader
INFO  - 2015-06-25 09:09:20.139; [   ] org.apache.solr.core.SolrResourceLoader; Adding 'file:/home/innovator/Downloads/solr-5.2.1/dist/solr-langid-5.2.1.jar' to classloader
INFO  - 2015-06-25 09:09:20.139; [   ] org.apache.solr.core.SolrResourceLoader; Adding 'file:/home/innovator/Downloads/solr-5.2.1/contrib/velocity/lib/velocity-tools-2.0.jar' to classloader
INFO  - 2015-06-25 09:09:20.140; [   ] org.apache.solr.core.SolrResourceLoader; Adding 'file:/home/innovator/Downloads/solr-5.2.1/contrib/velocity/lib/velocity-1.7.jar' to classloader
INFO  - 2015-06-25 09:09:20.140; [   ] org.apache.solr.core.SolrResourceLoader; Adding 'file:/home/innovator/Downloads/solr-5.2.1/contrib/velocity/lib/commons-collections-3.2.1.jar' to classloader
INFO  - 2015-06-25 09:09:20.140; [   ] org.apache.solr.core.SolrResourceLoader; Adding 'file:/home/innovator/Downloads/solr-5.2.1/contrib/velocity/lib/commons-beanutils-1.8.3.jar' to classloader
INFO  - 2015-06-25 09:09:20.141; [   ] org.apache.solr.core.SolrResourceLoader; Adding 'file:/home/innovator/Downloads/solr-5.2.1/dist/solr-velocity-5.2.1.jar' to classloader
INFO  - 2015-06-25 09:09:21.000; [   ] org.apache.solr.core.SolrConfig; Using Lucene MatchVersion: 5.2.1
INFO  - 2015-06-25 09:09:21.127; [   ] org.apache.solr.core.SolrConfig; Loaded SolrConfig: solrconfig.xml
INFO  - 2015-06-25 09:09:21.137; [   ] org.apache.solr.schema.IndexSchema; Reading Solr Schema from /home/innovator/Downloads/solr-5.2.1/server/solr/geospace/conf/managed-schema
INFO  - 2015-06-25 09:09:21.230; [   ] org.apache.solr.schema.IndexSchema; [geospace] Schema name=example-data-driven-schema
INFO  - 2015-06-25 09:09:21.883; [   ] org.apache.solr.schema.IndexSchema; unique key field: id
INFO  - 2015-06-25 09:09:22.092; [   ] org.apache.solr.schema.FileExchangeRateProvider; Reloading exchange rates from file currency.xml
INFO  - 2015-06-25 09:09:22.098; [   ] org.apache.solr.schema.FileExchangeRateProvider; Reloading exchange rates from file currency.xml
INFO  - 2015-06-25 09:09:22.164; [   ] org.apache.solr.core.CoreContainer; Creating SolrCore 'geospace' using configuration from instancedir /home/innovator/Downloads/solr-5.2.1/server/solr/geospace/
INFO  - 2015-06-25 09:09:22.165; [   geospace] org.apache.solr.core.SolrCore; solr.NRTCachingDirectoryFactory
INFO  - 2015-06-25 09:09:22.180; [   geospace] org.apache.solr.core.SolrCore; [[geospace] ] Opening new SolrCore at [/home/innovator/Downloads/solr-5.2.1/server/solr/geospace/], dataDir=[null]
INFO  - 2015-06-25 09:09:22.198; [   geospace] org.apache.solr.core.JmxMonitoredMap; No JMX servers found, not exposing Solr information with JMX.
INFO  - 2015-06-25 09:09:22.202; [   geospace] org.apache.solr.core.SolrCore; [[geospace] ] Added SolrEventListener for newSearcher: [org.apache.solr.core.QuerySenderListener{queries=[]}]
INFO  - 2015-06-25 09:09:22.203; [   geospace] org.apache.solr.core.SolrCore; [[geospace] ] Added SolrEventListener for firstSearcher: [org.apache.solr.core.QuerySenderListener{queries=[]}]
INFO  - 2015-06-25 09:09:22.214; [   geospace] org.apache.solr.core.CachingDirectoryFactory; return new directory for /home/innovator/Downloads/solr-5.2.1/server/solr/geospace/data
INFO  - 2015-06-25 09:09:22.215; [   geospace] org.apache.solr.core.SolrCore; New index directory detected: old=null new=/home/innovator/Downloads/solr-5.2.1/server/solr/geospace/data/index/
INFO  - 2015-06-25 09:09:22.216; [   geospace] org.apache.solr.core.CachingDirectoryFactory; return new directory for /home/innovator/Downloads/solr-5.2.1/server/solr/geospace/data/index
INFO  - 2015-06-25 09:09:22.251; [   geospace] org.apache.solr.core.PluginBag; queryResponseWriter : 'velocity' created with startup=lazy 
INFO  - 2015-06-25 09:09:22.255; [   geospace] org.apache.solr.response.XSLTResponseWriter; xsltCacheLifetimeSeconds=5
INFO  - 2015-06-25 09:09:22.336; [   geospace] org.apache.solr.update.processor.UpdateRequestProcessorChain; creating updateRequestProcessorChain "add-unknown-fields-to-the-schema"
INFO  - 2015-06-25 09:09:22.443; [   geospace] org.apache.solr.core.SolrCore; no updateRequestProcessorChain defined as default, creating implicit default
INFO  - 2015-06-25 09:09:22.501; [   geospace] org.apache.solr.handler.loader.XMLLoader; xsltCacheLifetimeSeconds=60
INFO  - 2015-06-25 09:09:22.504; [   geospace] org.apache.solr.handler.loader.XMLLoader; xsltCacheLifetimeSeconds=60
INFO  - 2015-06-25 09:09:22.505; [   geospace] org.apache.solr.handler.loader.XMLLoader; xsltCacheLifetimeSeconds=60
INFO  - 2015-06-25 09:09:22.506; [   geospace] org.apache.solr.handler.loader.XMLLoader; xsltCacheLifetimeSeconds=60
INFO  - 2015-06-25 09:09:22.538; [   geospace] org.apache.solr.core.PluginBag; requestHandler : '/update/extract' created with startup=lazy 
INFO  - 2015-06-25 09:09:22.552; [   geospace] org.apache.solr.core.PluginBag; requestHandler : '/analysis/field' created with startup=lazy 
INFO  - 2015-06-25 09:09:22.552; [   geospace] org.apache.solr.core.PluginBag; requestHandler : '/analysis/document' created with startup=lazy 
INFO  - 2015-06-25 09:09:22.555; [   geospace] org.apache.solr.core.PluginBag; requestHandler : '/spell' created with startup=lazy 
INFO  - 2015-06-25 09:09:22.556; [   geospace] org.apache.solr.core.PluginBag; requestHandler : '/tvrh' created with startup=lazy 
INFO  - 2015-06-25 09:09:22.556; [   geospace] org.apache.solr.core.PluginBag; requestHandler : '/terms' created with startup=lazy 
INFO  - 2015-06-25 09:09:22.556; [   geospace] org.apache.solr.core.PluginBag; requestHandler : '/elevate' created with startup=lazy 
INFO  - 2015-06-25 09:09:22.556; [   geospace] org.apache.solr.core.RequestHandlers; Registered paths: /admin/logging,/admin/plugins,/admin/system,/admin/segments,/admin/file,/admin/luke,/update,/terms,/stream,/admin/threads,/schema,/query,/replication,/analysis/field,/browse,/admin/ping,/update/json/docs,/analysis/document,/select,/admin/mbeans,/update/csv,/elevate,/get,/update/json,/export,/update/extract,/admin/properties,/tvrh,/spell,/config,/debug/dump
INFO  - 2015-06-25 09:09:22.560; [   geospace] org.apache.solr.core.SolrCore; Using default statsCache cache: org.apache.solr.search.stats.LocalStatsCache
INFO  - 2015-06-25 09:09:22.569; [   geospace] org.apache.solr.update.UpdateHandler; Using UpdateLog implementation: org.apache.solr.update.UpdateLog
INFO  - 2015-06-25 09:09:22.569; [   geospace] org.apache.solr.update.UpdateLog; Initializing UpdateLog: dataDir= defaultSyncLevel=FLUSH numRecordsToKeep=100 maxNumLogsToKeep=10 numVersionBuckets=65536
INFO  - 2015-06-25 09:09:22.623; [   geospace] org.apache.solr.update.CommitTracker; Hard AutoCommit: if uncommited for 15000ms; 
INFO  - 2015-06-25 09:09:22.624; [   geospace] org.apache.solr.update.CommitTracker; Soft AutoCommit: disabled
INFO  - 2015-06-25 09:09:22.693; [   geospace] org.apache.solr.core.SolrDeletionPolicy; SolrDeletionPolicy.onInit: commits: num=1
	commit{dir=NRTCachingDirectory(NIOFSDirectory@/home/innovator/Downloads/solr-5.2.1/server/solr/geospace/data/index lockFactory=org.apache.lucene.store.NativeFSLockFactory@111f959; maxCacheMB=48.0 maxMergeSizeMB=4.0),segFN=segments_4,generation=4}
INFO  - 2015-06-25 09:09:22.693; [   geospace] org.apache.solr.core.SolrDeletionPolicy; newest commit generation = 4
INFO  - 2015-06-25 09:09:22.728; [   geospace] org.apache.solr.search.SolrIndexSearcher; Opening Searcher@57cead[geospace] main
INFO  - 2015-06-25 09:09:22.752; [   geospace] org.apache.solr.rest.ManagedResourceStorage$FileStorageIO; File-based storage initialized to use dir: /home/innovator/Downloads/solr-5.2.1/server/solr/geospace/conf
INFO  - 2015-06-25 09:09:22.752; [   geospace] org.apache.solr.rest.RestManager; Initializing RestManager with initArgs: {storageDir=/home/innovator/Downloads/solr-5.2.1/server/solr/geospace/conf}
INFO  - 2015-06-25 09:09:22.776; [   geospace] org.apache.solr.rest.ManagedResourceStorage; Reading _rest_managed.json using file:dir=/home/innovator/Downloads/solr-5.2.1/server/solr/geospace/conf
INFO  - 2015-06-25 09:09:22.777; [   geospace] org.apache.solr.rest.RestManager; Initializing 0 registered ManagedResources
INFO  - 2015-06-25 09:09:22.782; [   geospace] org.apache.solr.handler.component.SpellCheckComponent; Initializing spell checkers
INFO  - 2015-06-25 09:09:22.787; [   geospace] org.apache.solr.spelling.DirectSolrSpellChecker; init: {name=default,field=text,classname=solr.DirectSolrSpellChecker,distanceMeasure=internal,accuracy=0.5,maxEdits=2,minPrefix=1,maxInspections=5,minQueryLength=4,maxQueryFrequency=0.01}
INFO  - 2015-06-25 09:09:22.792; [   geospace] org.apache.solr.handler.component.SpellCheckComponent; No queryConverter defined, using default converter
INFO  - 2015-06-25 09:09:22.794; [   geospace] org.apache.solr.handler.component.QueryElevationComponent; Loading QueryElevation from: /home/innovator/Downloads/solr-5.2.1/server/solr/geospace/conf/elevate.xml
INFO  - 2015-06-25 09:09:22.809; [   geospace] org.apache.solr.handler.ReplicationHandler; Commits will be reserved for  10000
INFO  - 2015-06-25 09:09:22.812; [   geospace] org.apache.solr.core.QuerySenderListener; QuerySenderListener sending requests to Searcher@57cead[geospace] main{ExitableDirectoryReader(UninvertingDirectoryReader(Uninverting(_1(5.2.1):C78)))}
INFO  - 2015-06-25 09:09:22.813; [   geospace] org.apache.solr.core.QuerySenderListener; QuerySenderListener done.
INFO  - 2015-06-25 09:09:22.813; [   geospace] org.apache.solr.handler.component.SpellCheckComponent$SpellCheckerListener; Loading spell index for spellchecker: default
INFO  - 2015-06-25 09:09:22.814; [   geospace] org.apache.solr.handler.component.SpellCheckComponent$SpellCheckerListener; Loading spell index for spellchecker: wordbreak
INFO  - 2015-06-25 09:09:22.814; [   geospace] org.apache.solr.update.UpdateLog; Looking up max value of version field to seed version buckets
INFO  - 2015-06-25 09:09:22.814; [   geospace] org.apache.solr.core.SolrCore; [geospace] Registered new searcher Searcher@57cead[geospace] main{ExitableDirectoryReader(UninvertingDirectoryReader(Uninverting(_1(5.2.1):C78)))}
INFO  - 2015-06-25 09:09:22.818; [   geospace] org.apache.solr.update.VersionInfo; Refreshing highest value of _version_ for 65536 version buckets from index
INFO  - 2015-06-25 09:09:22.831; [   geospace] org.apache.solr.update.VersionInfo; Found MAX value 1504939232537346048 from Terms for _version_ in index
INFO  - 2015-06-25 09:09:22.835; [   geospace] org.apache.solr.update.UpdateLog; Took 19 ms to seed version buckets with highest version 1504939232537346048
INFO  - 2015-06-25 09:09:22.836; [   geospace] org.apache.solr.core.CoreContainer; registering core: geospace
INFO  - 2015-06-25 09:09:22.837; [   ] org.apache.solr.servlet.SolrDispatchFilter; user.dir=/home/innovator/Downloads/solr-5.2.1/server
INFO  - 2015-06-25 09:09:22.837; [   ] org.apache.solr.servlet.SolrDispatchFilter; SolrDispatchFilter.init() done
INFO  - 2015-06-25 09:09:22.857; [   ] org.eclipse.jetty.server.handler.ContextHandler; Started o.e.j.w.WebAppContext@158af63{/solr,file:/home/innovator/Downloads/solr-5.2.1/server/solr-webapp/webapp/,AVAILABLE}{/solr.war}
INFO  - 2015-06-25 09:09:22.878; [   ] org.eclipse.jetty.server.AbstractConnector; Started ServerConnector@1c85d64{HTTP/1.1}{0.0.0.0:8983}
INFO  - 2015-06-25 09:09:22.879; [   ] org.eclipse.jetty.server.Server; Started @7602ms
INFO  - 2015-06-25 09:09:23.938; [   geospace] org.apache.solr.core.SolrCore; [geospace] webapp=/solr path=/browse params={d=10&q=&sfield=Point&pt=35.77126,-83.974397&queryOpts=spatial&queryOpts=spatial&fq={!bbox}} hits=5 status=0 QTime=125 
INFO  - 2015-06-25 09:09:23.938; [   geospace] org.apache.solr.core.PluginBag$LazyPluginHolder; Going to create a new queryResponseWriter with {type = queryResponseWriter,name = velocity,class = solr.VelocityResponseWriter,args = {template.base.dir=}} 
ERROR - 2015-06-25 09:09:24.335; [   geospace] org.apache.solr.response.SolrVelocityLogger; Left side ($collations.size()) of '>' operation has null value at did_you_mean.vm[line 6, column 25]
INFO  - 2015-06-25 09:09:24.696; [   geospace] org.apache.solr.core.SolrCore; [geospace] webapp=/solr path=/admin/file params={file=/velocity/main.css&contentType=text/css} status=0 QTime=1 
INFO  - 2015-06-25 09:09:24.698; [   geospace] org.apache.solr.core.SolrCore; [geospace] webapp=/solr path=/admin/file params={file=/velocity/jquery.autocomplete.css&contentType=text/css} status=0 QTime=1 
INFO  - 2015-06-25 09:09:24.699; [   geospace] org.apache.solr.core.SolrCore; [geospace] webapp=/solr path=/admin/file params={file=/velocity/jquery.autocomplete.js&contentType=text/javascript} status=0 QTime=1 
INFO  - 2015-06-25 09:09:29.384; [   geospace] org.apache.solr.core.SolrCore; [geospace] webapp=/solr path=/browse params={} hits=78 status=0 QTime=13 
ERROR - 2015-06-25 09:09:29.424; [   geospace] org.apache.solr.response.SolrVelocityLogger; Left side ($collations.size()) of '>' operation has null value at did_you_mean.vm[line 6, column 25]
INFO  - 2015-06-25 09:09:29.811; [   geospace] org.apache.solr.core.SolrCore; [geospace] webapp=/solr path=/admin/file params={file=/velocity/main.css&contentType=text/css} status=0 QTime=0 
INFO  - 2015-06-25 09:09:29.814; [   geospace] org.apache.solr.core.SolrCore; [geospace] webapp=/solr path=/admin/file params={file=/velocity/jquery.autocomplete.css&contentType=text/css} status=0 QTime=0 
INFO  - 2015-06-25 09:09:29.815; [   geospace] org.apache.solr.core.SolrCore; [geospace] webapp=/solr path=/admin/file params={file=/velocity/jquery.autocomplete.js&contentType=text/javascript} status=0 QTime=1 
INFO  - 2015-06-25 09:09:49.468; [   geospace] org.apache.solr.core.SolrCore; [geospace] webapp=/solr path=/browse params={q=&bf=Revenue_mil} hits=78 status=0 QTime=21 
ERROR - 2015-06-25 09:09:49.533; [   geospace] org.apache.solr.response.SolrVelocityLogger; Left side ($collations.size()) of '>' operation has null value at did_you_mean.vm[line 6, column 25]
INFO  - 2015-06-25 09:09:49.724; [   geospace] org.apache.solr.core.SolrCore; [geospace] webapp=/solr path=/admin/file params={file=/velocity/main.css&contentType=text/css} status=0 QTime=0 
INFO  - 2015-06-25 09:09:49.733; [   geospace] org.apache.solr.core.SolrCore; [geospace] webapp=/solr path=/admin/file params={file=/velocity/jquery.autocomplete.css&contentType=text/css} status=0 QTime=0 
INFO  - 2015-06-25 09:09:49.876; [   geospace] org.apache.solr.core.SolrCore; [geospace] webapp=/solr path=/admin/file params={file=/velocity/jquery.autocomplete.js&contentType=text/javascript} status=0 QTime=0 
INFO  - 2015-06-25 09:09:58.018; [   geospace] org.apache.solr.core.SolrCore; [geospace] webapp=/solr path=/browse params={q=Industry:"Construction+/+Engineering"&mlt=true} hits=13 status=0 QTime=49 
ERROR - 2015-06-25 09:09:58.049; [   geospace] org.apache.solr.response.SolrVelocityLogger; Left side ($collations.size()) of '>' operation has null value at did_you_mean.vm[line 6, column 25]
INFO  - 2015-06-25 09:09:58.258; [   geospace] org.apache.solr.core.SolrCore; [geospace] webapp=/solr path=/admin/file params={file=/velocity/main.css&contentType=text/css} status=0 QTime=0 
INFO  - 2015-06-25 09:09:58.259; [   geospace] org.apache.solr.core.SolrCore; [geospace] webapp=/solr path=/admin/file params={file=/velocity/jquery.autocomplete.js&contentType=text/javascript} status=0 QTime=0 
INFO  - 2015-06-25 09:09:58.259; [   geospace] org.apache.solr.core.SolrCore; [geospace] webapp=/solr path=/admin/file params={file=/velocity/jquery.autocomplete.css&contentType=text/css} status=0 QTime=0 
INFO  - 2015-06-25 09:10:12.260; [   geospace] org.apache.solr.core.SolrCore; [geospace] webapp=/solr path=/browse params={queryOpts=spatial} hits=78 status=0 QTime=5 
ERROR - 2015-06-25 09:10:12.286; [   geospace] org.apache.solr.response.SolrVelocityLogger; Left side ($collations.size()) of '>' operation has null value at did_you_mean.vm[line 6, column 25]
INFO  - 2015-06-25 09:10:12.426; [   geospace] org.apache.solr.core.SolrCore; [geospace] webapp=/solr path=/admin/file params={file=/velocity/main.css&contentType=text/css} status=0 QTime=1 
INFO  - 2015-06-25 09:10:12.428; [   geospace] org.apache.solr.core.SolrCore; [geospace] webapp=/solr path=/admin/file params={file=/velocity/jquery.autocomplete.css&contentType=text/css} status=0 QTime=0 
INFO  - 2015-06-25 09:10:12.430; [   geospace] org.apache.solr.core.SolrCore; [geospace] webapp=/solr path=/admin/file params={file=/velocity/jquery.autocomplete.js&contentType=text/javascript} status=0 QTime=0 
INFO  - 2015-06-25 09:10:13.444; [   geospace] org.apache.solr.core.SolrCore; [geospace] webapp=/solr path=/browse params={} hits=78 status=0 QTime=5 
ERROR - 2015-06-25 09:10:13.471; [   geospace] org.apache.solr.response.SolrVelocityLogger; Left side ($collations.size()) of '>' operation has null value at did_you_mean.vm[line 6, column 25]
INFO  - 2015-06-25 09:10:13.626; [   geospace] org.apache.solr.core.SolrCore; [geospace] webapp=/solr path=/admin/file params={file=/velocity/main.css&contentType=text/css} status=0 QTime=0 
INFO  - 2015-06-25 09:10:13.630; [   geospace] org.apache.solr.core.SolrCore; [geospace] webapp=/solr path=/admin/file params={file=/velocity/jquery.autocomplete.css&contentType=text/css} status=0 QTime=0 
INFO  - 2015-06-25 09:10:13.630; [   geospace] org.apache.solr.core.SolrCore; [geospace] webapp=/solr path=/admin/file params={file=/velocity/jquery.autocomplete.js&contentType=text/javascript} status=0 QTime=0 
INFO  - 2015-06-25 09:10:16.233; [   geospace] org.apache.solr.core.SolrCore; [geospace] webapp=/solr path=/browse params={q=Industry:"Minerals+&mlt=true&Mining"=} hits=0 status=0 QTime=4 
ERROR - 2015-06-25 09:10:16.252; [   geospace] org.apache.solr.response.SolrVelocityLogger; Left side ($collations.size()) of '>' operation has null value at did_you_mean.vm[line 6, column 25]
INFO  - 2015-06-25 09:10:16.384; [   geospace] org.apache.solr.core.SolrCore; [geospace] webapp=/solr path=/admin/file params={file=/velocity/main.css&contentType=text/css} status=0 QTime=0 
INFO  - 2015-06-25 09:10:16.389; [   geospace] org.apache.solr.core.SolrCore; [geospace] webapp=/solr path=/admin/file params={file=/velocity/jquery.autocomplete.css&contentType=text/css} status=0 QTime=0 
INFO  - 2015-06-25 09:10:16.389; [   geospace] org.apache.solr.core.SolrCore; [geospace] webapp=/solr path=/admin/file params={file=/velocity/jquery.autocomplete.js&contentType=text/javascript} status=0 QTime=0 
INFO  - 2015-06-25 09:13:00.029; [   geospace] org.apache.solr.core.SolrCore; [geospace] webapp=/solr path=/browse params={q=Industry:"Minerals+&mlt=true&Mining"=} hits=0 status=0 QTime=3 
ERROR - 2015-06-25 09:13:00.047; [   geospace] org.apache.solr.response.SolrVelocityLogger; Left side ($collations.size()) of '>' operation has null value at did_you_mean.vm[line 6, column 25]
INFO  - 2015-06-25 09:13:00.194; [   geospace] org.apache.solr.core.SolrCore; [geospace] webapp=/solr path=/admin/file params={file=/velocity/main.css&contentType=text/css} status=0 QTime=0 
INFO  - 2015-06-25 09:13:00.196; [   geospace] org.apache.solr.core.SolrCore; [geospace] webapp=/solr path=/admin/file params={file=/velocity/jquery.autocomplete.css&contentType=text/css} status=0 QTime=0 
INFO  - 2015-06-25 09:13:00.197; [   geospace] org.apache.solr.core.SolrCore; [geospace] webapp=/solr path=/admin/file params={file=/velocity/jquery.autocomplete.js&contentType=text/javascript} status=0 QTime=1 
INFO  - 2015-06-25 09:13:02.816; [   geospace] org.apache.solr.core.PluginBag$LazyPluginHolder; Going to create a new requestHandler with {type = requestHandler,name = /terms,class = solr.SearchHandler,args = {defaults={terms=true,distrib=false},components=[terms]}} 
INFO  - 2015-06-25 09:13:02.817; [   geospace] org.apache.solr.core.SolrCore; [geospace] webapp=/solr path=/terms params={timestamp=1435223582790&limit=10&terms.fl=name&q=industry:"minerals+&wt=velocity&v.template=suggest&terms.sort=count&terms.prefix=Industry:"Minerals+} status=0 QTime=1 
INFO  - 2015-06-25 09:13:04.763; [   geospace] org.apache.solr.core.SolrCore; [geospace] webapp=/solr path=/browse params={q=} hits=78 status=0 QTime=5 
ERROR - 2015-06-25 09:13:04.788; [   geospace] org.apache.solr.response.SolrVelocityLogger; Left side ($collations.size()) of '>' operation has null value at did_you_mean.vm[line 6, column 25]
INFO  - 2015-06-25 09:13:04.906; [   geospace] org.apache.solr.core.SolrCore; [geospace] webapp=/solr path=/admin/file params={file=/velocity/main.css&contentType=text/css} status=0 QTime=0 
INFO  - 2015-06-25 09:13:04.906; [   geospace] org.apache.solr.core.SolrCore; [geospace] webapp=/solr path=/admin/file params={file=/velocity/jquery.autocomplete.css&contentType=text/css} status=0 QTime=0 
INFO  - 2015-06-25 09:13:05.174; [   geospace] org.apache.solr.core.SolrCore; [geospace] webapp=/solr path=/admin/file params={file=/velocity/jquery.autocomplete.js&contentType=text/javascript} status=0 QTime=0 
