Picked up JAVA_TOOL_OPTIONS: -javaagent:/usr/share/java/jayatanaag.jar 
WARNING: System properties and/or JVM args set.  Consider using --dry-run or --exec
0    [main] INFO  org.eclipse.jetty.util.log  [   ] – Logging initialized @626ms
766  [main] INFO  org.eclipse.jetty.server.Server  [   ] – jetty-9.2.10.v20150310
822  [main] WARN  org.eclipse.jetty.server.handler.RequestLogHandler  [   ] – !RequestLog
825  [main] INFO  org.eclipse.jetty.deploy.providers.ScanningAppProvider  [   ] – Deployment monitor [file:/home/innovator/Downloads/solr-5.2.1/server/contexts/] at interval 0
2034 [main] INFO  org.eclipse.jetty.webapp.StandardDescriptorProcessor  [   ] – NO JSP Support for /solr, did not find org.apache.jasper.servlet.JspServlet
2239 [main] WARN  org.eclipse.jetty.security.SecurityHandler  [   ] – ServletContext@o.e.j.w.WebAppContext@158af63{/solr,file:/home/innovator/Downloads/solr-5.2.1/server/solr-webapp/webapp/,STARTING}{/solr.war} has uncovered http methods for path: /
2331 [main] INFO  org.apache.solr.servlet.SolrDispatchFilter  [   ] – SolrDispatchFilter.init()WebAppClassLoader=10598305@a1b7a1
2362 [main] INFO  org.apache.solr.core.SolrResourceLoader  [   ] – JNDI not configured for solr (NoInitialContextEx)
2362 [main] INFO  org.apache.solr.core.SolrResourceLoader  [   ] – using system property solr.solr.home: /home/innovator/Downloads/solr-5.2.1/server/solr
2371 [main] INFO  org.apache.solr.core.SolrResourceLoader  [   ] – new SolrResourceLoader for directory: '/home/innovator/Downloads/solr-5.2.1/server/solr/'
2522 [main] INFO  org.apache.solr.core.SolrXmlConfig  [   ] – Loading container configuration from /home/innovator/Downloads/solr-5.2.1/server/solr/solr.xml
2829 [main] INFO  org.apache.solr.core.CoresLocator  [   ] – Config-defined core root directory: /home/innovator/Downloads/solr-5.2.1/server/solr
2910 [main] INFO  org.apache.solr.core.CoreContainer  [   ] – New CoreContainer 10194717
2910 [main] INFO  org.apache.solr.core.CoreContainer  [   ] – Loading cores into CoreContainer [instanceDir=/home/innovator/Downloads/solr-5.2.1/server/solr/]
2910 [main] INFO  org.apache.solr.core.CoreContainer  [   ] – loading shared library: /home/innovator/Downloads/solr-5.2.1/server/solr/lib
2911 [main] WARN  org.apache.solr.core.SolrResourceLoader  [   ] – Can't find (or read) directory to add to classloader: lib (resolved as: /home/innovator/Downloads/solr-5.2.1/server/solr/lib).
2944 [main] INFO  org.apache.solr.handler.component.HttpShardHandlerFactory  [   ] – created with socketTimeout : 600000,connTimeout : 60000,maxConnectionsPerHost : 20,maxConnections : 10000,corePoolSize : 0,maximumPoolSize : 2147483647,maxThreadIdleTime : 5,sizeOfQueue : -1,fairnessPolicy : false,useRetries : false,
3960 [main] INFO  org.apache.solr.update.UpdateShardHandler  [   ] – Creating UpdateShardHandler HTTP client with params: socketTimeout=600000&connTimeout=60000&retry=true
3962 [main] INFO  org.apache.solr.logging.LogWatcher  [   ] – SLF4J impl is org.slf4j.impl.Log4jLoggerFactory
3963 [main] INFO  org.apache.solr.logging.LogWatcher  [   ] – Registering Log Listener [Log4j (org.slf4j.impl.Log4jLoggerFactory)]
3964 [main] INFO  org.apache.solr.core.CoreContainer  [   ] – Node Name: 
3964 [main] INFO  org.apache.solr.core.CoreContainer  [   ] – No authentication plugin used.
4029 [main] INFO  org.apache.solr.core.CoresLocator  [   ] – Looking for core definitions underneath /home/innovator/Downloads/solr-5.2.1/server/solr
4048 [main] INFO  org.apache.solr.core.SolrCore  [   ] – CORE DESCRIPTOR: {name=geospace, config=solrconfig.xml, instanceDir=/home/innovator/Downloads/solr-5.2.1/server/solr/geospace, loadOnStartup=true, absoluteInstDir=/home/innovator/Downloads/solr-5.2.1/server/solr/geospace/, schema=schema.xml, transient=false, dataDir=data/}
4048 [main] INFO  org.apache.solr.core.CoresLocator  [   ] – Found core geospace in /home/innovator/Downloads/solr-5.2.1/server/solr/geospace/
4101 [main] INFO  org.apache.solr.core.CoresLocator  [   ] – Found 1 core definitions
4104 [coreLoadExecutor-5-thread-1] INFO  org.apache.solr.core.SolrResourceLoader  [   ] – new SolrResourceLoader for directory: '/home/innovator/Downloads/solr-5.2.1/server/solr/geospace/'
4183 [coreLoadExecutor-5-thread-1] INFO  org.apache.solr.core.SolrConfig  [   ] – current version of requestparams : 0
4191 [coreLoadExecutor-5-thread-1] INFO  org.apache.solr.core.SolrConfig  [   ] – Adding specified lib dirs to ClassLoader
4206 [coreLoadExecutor-5-thread-1] INFO  org.apache.solr.core.SolrResourceLoader  [   ] – Adding 'file:/home/innovator/Downloads/solr-5.2.1/contrib/extraction/lib/jdom-1.0.jar' to classloader
4207 [coreLoadExecutor-5-thread-1] INFO  org.apache.solr.core.SolrResourceLoader  [   ] – Adding 'file:/home/innovator/Downloads/solr-5.2.1/contrib/extraction/lib/apache-mime4j-core-0.7.2.jar' to classloader
4207 [coreLoadExecutor-5-thread-1] INFO  org.apache.solr.core.SolrResourceLoader  [   ] – Adding 'file:/home/innovator/Downloads/solr-5.2.1/contrib/extraction/lib/commons-compress-1.8.1.jar' to classloader
4208 [coreLoadExecutor-5-thread-1] INFO  org.apache.solr.core.SolrResourceLoader  [   ] – Adding 'file:/home/innovator/Downloads/solr-5.2.1/contrib/extraction/lib/xmlbeans-2.6.0.jar' to classloader
4208 [coreLoadExecutor-5-thread-1] INFO  org.apache.solr.core.SolrResourceLoader  [   ] – Adding 'file:/home/innovator/Downloads/solr-5.2.1/contrib/extraction/lib/bcprov-jdk15-1.45.jar' to classloader
4209 [coreLoadExecutor-5-thread-1] INFO  org.apache.solr.core.SolrResourceLoader  [   ] – Adding 'file:/home/innovator/Downloads/solr-5.2.1/contrib/extraction/lib/tika-xmp-1.7.jar' to classloader
4209 [coreLoadExecutor-5-thread-1] INFO  org.apache.solr.core.SolrResourceLoader  [   ] – Adding 'file:/home/innovator/Downloads/solr-5.2.1/contrib/extraction/lib/xercesImpl-2.9.1.jar' to classloader
4209 [coreLoadExecutor-5-thread-1] INFO  org.apache.solr.core.SolrResourceLoader  [   ] – Adding 'file:/home/innovator/Downloads/solr-5.2.1/contrib/extraction/lib/boilerpipe-1.1.0.jar' to classloader
4210 [coreLoadExecutor-5-thread-1] INFO  org.apache.solr.core.SolrResourceLoader  [   ] – Adding 'file:/home/innovator/Downloads/solr-5.2.1/contrib/extraction/lib/poi-3.11.jar' to classloader
4210 [coreLoadExecutor-5-thread-1] INFO  org.apache.solr.core.SolrResourceLoader  [   ] – Adding 'file:/home/innovator/Downloads/solr-5.2.1/contrib/extraction/lib/tika-core-1.7.jar' to classloader
4210 [coreLoadExecutor-5-thread-1] INFO  org.apache.solr.core.SolrResourceLoader  [   ] – Adding 'file:/home/innovator/Downloads/solr-5.2.1/contrib/extraction/lib/jempbox-1.8.8.jar' to classloader
4210 [coreLoadExecutor-5-thread-1] INFO  org.apache.solr.core.SolrResourceLoader  [   ] – Adding 'file:/home/innovator/Downloads/solr-5.2.1/contrib/extraction/lib/tika-java7-1.7.jar' to classloader
4211 [coreLoadExecutor-5-thread-1] INFO  org.apache.solr.core.SolrResourceLoader  [   ] – Adding 'file:/home/innovator/Downloads/solr-5.2.1/contrib/extraction/lib/vorbis-java-core-0.6.jar' to classloader
4211 [coreLoadExecutor-5-thread-1] INFO  org.apache.solr.core.SolrResourceLoader  [   ] – Adding 'file:/home/innovator/Downloads/solr-5.2.1/contrib/extraction/lib/bcmail-jdk15-1.45.jar' to classloader
4211 [coreLoadExecutor-5-thread-1] INFO  org.apache.solr.core.SolrResourceLoader  [   ] – Adding 'file:/home/innovator/Downloads/solr-5.2.1/contrib/extraction/lib/rome-1.0.jar' to classloader
4211 [coreLoadExecutor-5-thread-1] INFO  org.apache.solr.core.SolrResourceLoader  [   ] – Adding 'file:/home/innovator/Downloads/solr-5.2.1/contrib/extraction/lib/xz-1.5.jar' to classloader
4212 [coreLoadExecutor-5-thread-1] INFO  org.apache.solr.core.SolrResourceLoader  [   ] – Adding 'file:/home/innovator/Downloads/solr-5.2.1/contrib/extraction/lib/pdfbox-1.8.8.jar' to classloader
4212 [coreLoadExecutor-5-thread-1] INFO  org.apache.solr.core.SolrResourceLoader  [   ] – Adding 'file:/home/innovator/Downloads/solr-5.2.1/contrib/extraction/lib/fontbox-1.8.8.jar' to classloader
4212 [coreLoadExecutor-5-thread-1] INFO  org.apache.solr.core.SolrResourceLoader  [   ] – Adding 'file:/home/innovator/Downloads/solr-5.2.1/contrib/extraction/lib/aspectjrt-1.8.0.jar' to classloader
4212 [coreLoadExecutor-5-thread-1] INFO  org.apache.solr.core.SolrResourceLoader  [   ] – Adding 'file:/home/innovator/Downloads/solr-5.2.1/contrib/extraction/lib/xmpcore-5.1.2.jar' to classloader
4213 [coreLoadExecutor-5-thread-1] INFO  org.apache.solr.core.SolrResourceLoader  [   ] – Adding 'file:/home/innovator/Downloads/solr-5.2.1/contrib/extraction/lib/apache-mime4j-dom-0.7.2.jar' to classloader
4213 [coreLoadExecutor-5-thread-1] INFO  org.apache.solr.core.SolrResourceLoader  [   ] – Adding 'file:/home/innovator/Downloads/solr-5.2.1/contrib/extraction/lib/vorbis-java-tika-0.6.jar' to classloader
4213 [coreLoadExecutor-5-thread-1] INFO  org.apache.solr.core.SolrResourceLoader  [   ] – Adding 'file:/home/innovator/Downloads/solr-5.2.1/contrib/extraction/lib/isoparser-1.0.2.jar' to classloader
4213 [coreLoadExecutor-5-thread-1] INFO  org.apache.solr.core.SolrResourceLoader  [   ] – Adding 'file:/home/innovator/Downloads/solr-5.2.1/contrib/extraction/lib/poi-ooxml-schemas-3.11.jar' to classloader
4214 [coreLoadExecutor-5-thread-1] INFO  org.apache.solr.core.SolrResourceLoader  [   ] – Adding 'file:/home/innovator/Downloads/solr-5.2.1/contrib/extraction/lib/metadata-extractor-2.6.2.jar' to classloader
4214 [coreLoadExecutor-5-thread-1] INFO  org.apache.solr.core.SolrResourceLoader  [   ] – Adding 'file:/home/innovator/Downloads/solr-5.2.1/contrib/extraction/lib/poi-ooxml-3.11.jar' to classloader
4214 [coreLoadExecutor-5-thread-1] INFO  org.apache.solr.core.SolrResourceLoader  [   ] – Adding 'file:/home/innovator/Downloads/solr-5.2.1/contrib/extraction/lib/icu4j-54.1.jar' to classloader
4214 [coreLoadExecutor-5-thread-1] INFO  org.apache.solr.core.SolrResourceLoader  [   ] – Adding 'file:/home/innovator/Downloads/solr-5.2.1/contrib/extraction/lib/poi-scratchpad-3.11.jar' to classloader
4215 [coreLoadExecutor-5-thread-1] INFO  org.apache.solr.core.SolrResourceLoader  [   ] – Adding 'file:/home/innovator/Downloads/solr-5.2.1/contrib/extraction/lib/juniversalchardet-1.0.3.jar' to classloader
4215 [coreLoadExecutor-5-thread-1] INFO  org.apache.solr.core.SolrResourceLoader  [   ] – Adding 'file:/home/innovator/Downloads/solr-5.2.1/contrib/extraction/lib/tika-parsers-1.7.jar' to classloader
4215 [coreLoadExecutor-5-thread-1] INFO  org.apache.solr.core.SolrResourceLoader  [   ] – Adding 'file:/home/innovator/Downloads/solr-5.2.1/contrib/extraction/lib/java-libpst-0.8.1.jar' to classloader
4216 [coreLoadExecutor-5-thread-1] INFO  org.apache.solr.core.SolrResourceLoader  [   ] – Adding 'file:/home/innovator/Downloads/solr-5.2.1/contrib/extraction/lib/jmatio-1.0.jar' to classloader
4216 [coreLoadExecutor-5-thread-1] INFO  org.apache.solr.core.SolrResourceLoader  [   ] – Adding 'file:/home/innovator/Downloads/solr-5.2.1/contrib/extraction/lib/tagsoup-1.2.1.jar' to classloader
4217 [coreLoadExecutor-5-thread-1] INFO  org.apache.solr.core.SolrResourceLoader  [   ] – Adding 'file:/home/innovator/Downloads/solr-5.2.1/dist/solr-cell-5.2.1.jar' to classloader
4218 [coreLoadExecutor-5-thread-1] INFO  org.apache.solr.core.SolrResourceLoader  [   ] – Adding 'file:/home/innovator/Downloads/solr-5.2.1/contrib/clustering/lib/simple-xml-2.7.jar' to classloader
4219 [coreLoadExecutor-5-thread-1] INFO  org.apache.solr.core.SolrResourceLoader  [   ] – Adding 'file:/home/innovator/Downloads/solr-5.2.1/contrib/clustering/lib/jackson-core-asl-1.9.13.jar' to classloader
4219 [coreLoadExecutor-5-thread-1] INFO  org.apache.solr.core.SolrResourceLoader  [   ] – Adding 'file:/home/innovator/Downloads/solr-5.2.1/contrib/clustering/lib/mahout-math-0.6.jar' to classloader
4219 [coreLoadExecutor-5-thread-1] INFO  org.apache.solr.core.SolrResourceLoader  [   ] – Adding 'file:/home/innovator/Downloads/solr-5.2.1/contrib/clustering/lib/mahout-collections-1.0.jar' to classloader
4219 [coreLoadExecutor-5-thread-1] INFO  org.apache.solr.core.SolrResourceLoader  [   ] – Adding 'file:/home/innovator/Downloads/solr-5.2.1/contrib/clustering/lib/attributes-binder-1.2.1.jar' to classloader
4220 [coreLoadExecutor-5-thread-1] INFO  org.apache.solr.core.SolrResourceLoader  [   ] – Adding 'file:/home/innovator/Downloads/solr-5.2.1/contrib/clustering/lib/hppc-0.5.2.jar' to classloader
4220 [coreLoadExecutor-5-thread-1] INFO  org.apache.solr.core.SolrResourceLoader  [   ] – Adding 'file:/home/innovator/Downloads/solr-5.2.1/contrib/clustering/lib/carrot2-mini-3.9.0.jar' to classloader
4220 [coreLoadExecutor-5-thread-1] INFO  org.apache.solr.core.SolrResourceLoader  [   ] – Adding 'file:/home/innovator/Downloads/solr-5.2.1/contrib/clustering/lib/jackson-mapper-asl-1.9.13.jar' to classloader
4221 [coreLoadExecutor-5-thread-1] INFO  org.apache.solr.core.SolrResourceLoader  [   ] – Adding 'file:/home/innovator/Downloads/solr-5.2.1/dist/solr-clustering-5.2.1.jar' to classloader
4230 [coreLoadExecutor-5-thread-1] INFO  org.apache.solr.core.SolrResourceLoader  [   ] – Adding 'file:/home/innovator/Downloads/solr-5.2.1/contrib/langid/lib/jsonic-1.2.7.jar' to classloader
4230 [coreLoadExecutor-5-thread-1] INFO  org.apache.solr.core.SolrResourceLoader  [   ] – Adding 'file:/home/innovator/Downloads/solr-5.2.1/contrib/langid/lib/langdetect-1.1-20120112.jar' to classloader
4232 [coreLoadExecutor-5-thread-1] INFO  org.apache.solr.core.SolrResourceLoader  [   ] – Adding 'file:/home/innovator/Downloads/solr-5.2.1/dist/solr-langid-5.2.1.jar' to classloader
4232 [coreLoadExecutor-5-thread-1] INFO  org.apache.solr.core.SolrResourceLoader  [   ] – Adding 'file:/home/innovator/Downloads/solr-5.2.1/contrib/velocity/lib/velocity-tools-2.0.jar' to classloader
4233 [coreLoadExecutor-5-thread-1] INFO  org.apache.solr.core.SolrResourceLoader  [   ] – Adding 'file:/home/innovator/Downloads/solr-5.2.1/contrib/velocity/lib/velocity-1.7.jar' to classloader
4233 [coreLoadExecutor-5-thread-1] INFO  org.apache.solr.core.SolrResourceLoader  [   ] – Adding 'file:/home/innovator/Downloads/solr-5.2.1/contrib/velocity/lib/commons-collections-3.2.1.jar' to classloader
4233 [coreLoadExecutor-5-thread-1] INFO  org.apache.solr.core.SolrResourceLoader  [   ] – Adding 'file:/home/innovator/Downloads/solr-5.2.1/contrib/velocity/lib/commons-beanutils-1.8.3.jar' to classloader
4234 [coreLoadExecutor-5-thread-1] INFO  org.apache.solr.core.SolrResourceLoader  [   ] – Adding 'file:/home/innovator/Downloads/solr-5.2.1/dist/solr-velocity-5.2.1.jar' to classloader
5093 [coreLoadExecutor-5-thread-1] INFO  org.apache.solr.core.SolrConfig  [   ] – Using Lucene MatchVersion: 5.2.1
5220 [coreLoadExecutor-5-thread-1] INFO  org.apache.solr.core.Config  [   ] – Loaded SolrConfig: solrconfig.xml
5230 [coreLoadExecutor-5-thread-1] INFO  org.apache.solr.schema.IndexSchema  [   ] – Reading Solr Schema from /home/innovator/Downloads/solr-5.2.1/server/solr/geospace/conf/managed-schema
5323 [coreLoadExecutor-5-thread-1] INFO  org.apache.solr.schema.IndexSchema  [   ] – [geospace] Schema name=example-data-driven-schema
5976 [coreLoadExecutor-5-thread-1] INFO  org.apache.solr.schema.IndexSchema  [   ] – unique key field: id
6185 [coreLoadExecutor-5-thread-1] INFO  org.apache.solr.schema.FileExchangeRateProvider  [   ] – Reloading exchange rates from file currency.xml
6191 [coreLoadExecutor-5-thread-1] INFO  org.apache.solr.schema.FileExchangeRateProvider  [   ] – Reloading exchange rates from file currency.xml
6257 [coreLoadExecutor-5-thread-1] INFO  org.apache.solr.core.CoreContainer  [   ] – Creating SolrCore 'geospace' using configuration from instancedir /home/innovator/Downloads/solr-5.2.1/server/solr/geospace/
6258 [coreLoadExecutor-5-thread-1] INFO  org.apache.solr.core.SolrCore  [   geospace] – solr.NRTCachingDirectoryFactory
6273 [coreLoadExecutor-5-thread-1] INFO  org.apache.solr.core.SolrCore  [   geospace] – [[geospace] ] Opening new SolrCore at [/home/innovator/Downloads/solr-5.2.1/server/solr/geospace/], dataDir=[null]
6291 [coreLoadExecutor-5-thread-1] INFO  org.apache.solr.core.JmxMonitoredMap  [   geospace] – No JMX servers found, not exposing Solr information with JMX.
6295 [coreLoadExecutor-5-thread-1] INFO  org.apache.solr.core.SolrCore  [   geospace] – [[geospace] ] Added SolrEventListener for newSearcher: [org.apache.solr.core.QuerySenderListener{queries=[]}]
6296 [coreLoadExecutor-5-thread-1] INFO  org.apache.solr.core.SolrCore  [   geospace] – [[geospace] ] Added SolrEventListener for firstSearcher: [org.apache.solr.core.QuerySenderListener{queries=[]}]
6307 [coreLoadExecutor-5-thread-1] INFO  org.apache.solr.core.CachingDirectoryFactory  [   geospace] – return new directory for /home/innovator/Downloads/solr-5.2.1/server/solr/geospace/data
6308 [coreLoadExecutor-5-thread-1] INFO  org.apache.solr.core.SolrCore  [   geospace] – New index directory detected: old=null new=/home/innovator/Downloads/solr-5.2.1/server/solr/geospace/data/index/
6309 [coreLoadExecutor-5-thread-1] INFO  org.apache.solr.core.CachingDirectoryFactory  [   geospace] – return new directory for /home/innovator/Downloads/solr-5.2.1/server/solr/geospace/data/index
6344 [coreLoadExecutor-5-thread-1] INFO  org.apache.solr.core.PluginBag  [   geospace] – queryResponseWriter : 'velocity' created with startup=lazy 
6348 [coreLoadExecutor-5-thread-1] INFO  org.apache.solr.response.XSLTResponseWriter  [   geospace] – xsltCacheLifetimeSeconds=5
6429 [coreLoadExecutor-5-thread-1] INFO  org.apache.solr.update.processor.UpdateRequestProcessorChain  [   geospace] – creating updateRequestProcessorChain "add-unknown-fields-to-the-schema"
6536 [coreLoadExecutor-5-thread-1] INFO  org.apache.solr.core.SolrCore  [   geospace] – no updateRequestProcessorChain defined as default, creating implicit default
6594 [coreLoadExecutor-5-thread-1] INFO  org.apache.solr.handler.loader.XMLLoader  [   geospace] – xsltCacheLifetimeSeconds=60
6597 [coreLoadExecutor-5-thread-1] INFO  org.apache.solr.handler.loader.XMLLoader  [   geospace] – xsltCacheLifetimeSeconds=60
6598 [coreLoadExecutor-5-thread-1] INFO  org.apache.solr.handler.loader.XMLLoader  [   geospace] – xsltCacheLifetimeSeconds=60
6599 [coreLoadExecutor-5-thread-1] INFO  org.apache.solr.handler.loader.XMLLoader  [   geospace] – xsltCacheLifetimeSeconds=60
6631 [coreLoadExecutor-5-thread-1] INFO  org.apache.solr.core.PluginBag  [   geospace] – requestHandler : '/update/extract' created with startup=lazy 
6645 [coreLoadExecutor-5-thread-1] INFO  org.apache.solr.core.PluginBag  [   geospace] – requestHandler : '/analysis/field' created with startup=lazy 
6645 [coreLoadExecutor-5-thread-1] INFO  org.apache.solr.core.PluginBag  [   geospace] – requestHandler : '/analysis/document' created with startup=lazy 
6648 [coreLoadExecutor-5-thread-1] INFO  org.apache.solr.core.PluginBag  [   geospace] – requestHandler : '/spell' created with startup=lazy 
6649 [coreLoadExecutor-5-thread-1] INFO  org.apache.solr.core.PluginBag  [   geospace] – requestHandler : '/tvrh' created with startup=lazy 
6649 [coreLoadExecutor-5-thread-1] INFO  org.apache.solr.core.PluginBag  [   geospace] – requestHandler : '/terms' created with startup=lazy 
6649 [coreLoadExecutor-5-thread-1] INFO  org.apache.solr.core.PluginBag  [   geospace] – requestHandler : '/elevate' created with startup=lazy 
6649 [coreLoadExecutor-5-thread-1] INFO  org.apache.solr.core.RequestHandlers  [   geospace] – Registered paths: /admin/logging,/admin/plugins,/admin/system,/admin/segments,/admin/file,/admin/luke,/update,/terms,/stream,/admin/threads,/schema,/query,/replication,/analysis/field,/browse,/admin/ping,/update/json/docs,/analysis/document,/select,/admin/mbeans,/update/csv,/elevate,/get,/update/json,/export,/update/extract,/admin/properties,/tvrh,/spell,/config,/debug/dump
6653 [coreLoadExecutor-5-thread-1] INFO  org.apache.solr.core.SolrCore  [   geospace] – Using default statsCache cache: org.apache.solr.search.stats.LocalStatsCache
6662 [coreLoadExecutor-5-thread-1] INFO  org.apache.solr.update.UpdateHandler  [   geospace] – Using UpdateLog implementation: org.apache.solr.update.UpdateLog
6662 [coreLoadExecutor-5-thread-1] INFO  org.apache.solr.update.UpdateLog  [   geospace] – Initializing UpdateLog: dataDir= defaultSyncLevel=FLUSH numRecordsToKeep=100 maxNumLogsToKeep=10 numVersionBuckets=65536
6716 [coreLoadExecutor-5-thread-1] INFO  org.apache.solr.core.SolrCore  [   geospace] – Hard AutoCommit: if uncommited for 15000ms; 
6717 [coreLoadExecutor-5-thread-1] INFO  org.apache.solr.core.SolrCore  [   geospace] – Soft AutoCommit: disabled
6786 [coreLoadExecutor-5-thread-1] INFO  org.apache.solr.core.SolrCore  [   geospace] – SolrDeletionPolicy.onInit: commits: num=1
	commit{dir=NRTCachingDirectory(NIOFSDirectory@/home/innovator/Downloads/solr-5.2.1/server/solr/geospace/data/index lockFactory=org.apache.lucene.store.NativeFSLockFactory@111f959; maxCacheMB=48.0 maxMergeSizeMB=4.0),segFN=segments_4,generation=4}
6786 [coreLoadExecutor-5-thread-1] INFO  org.apache.solr.core.SolrCore  [   geospace] – newest commit generation = 4
6821 [coreLoadExecutor-5-thread-1] INFO  org.apache.solr.search.SolrIndexSearcher  [   geospace] – Opening Searcher@57cead[geospace] main
6845 [coreLoadExecutor-5-thread-1] INFO  org.apache.solr.rest.ManagedResourceStorage  [   geospace] – File-based storage initialized to use dir: /home/innovator/Downloads/solr-5.2.1/server/solr/geospace/conf
6845 [coreLoadExecutor-5-thread-1] INFO  org.apache.solr.rest.RestManager  [   geospace] – Initializing RestManager with initArgs: {storageDir=/home/innovator/Downloads/solr-5.2.1/server/solr/geospace/conf}
6869 [coreLoadExecutor-5-thread-1] INFO  org.apache.solr.rest.ManagedResourceStorage  [   geospace] – Reading _rest_managed.json using file:dir=/home/innovator/Downloads/solr-5.2.1/server/solr/geospace/conf
6870 [coreLoadExecutor-5-thread-1] INFO  org.apache.solr.rest.RestManager  [   geospace] – Initializing 0 registered ManagedResources
6875 [coreLoadExecutor-5-thread-1] INFO  org.apache.solr.handler.component.SpellCheckComponent  [   geospace] – Initializing spell checkers
6880 [coreLoadExecutor-5-thread-1] INFO  org.apache.solr.spelling.DirectSolrSpellChecker  [   geospace] – init: {name=default,field=text,classname=solr.DirectSolrSpellChecker,distanceMeasure=internal,accuracy=0.5,maxEdits=2,minPrefix=1,maxInspections=5,minQueryLength=4,maxQueryFrequency=0.01}
6885 [coreLoadExecutor-5-thread-1] INFO  org.apache.solr.handler.component.SpellCheckComponent  [   geospace] – No queryConverter defined, using default converter
6887 [coreLoadExecutor-5-thread-1] INFO  org.apache.solr.handler.component.QueryElevationComponent  [   geospace] – Loading QueryElevation from: /home/innovator/Downloads/solr-5.2.1/server/solr/geospace/conf/elevate.xml
6902 [coreLoadExecutor-5-thread-1] INFO  org.apache.solr.handler.ReplicationHandler  [   geospace] – Commits will be reserved for  10000
6905 [searcherExecutor-6-thread-1-processing-{core=geospace}] INFO  org.apache.solr.core.SolrCore  [   geospace] – QuerySenderListener sending requests to Searcher@57cead[geospace] main{ExitableDirectoryReader(UninvertingDirectoryReader(Uninverting(_1(5.2.1):C78)))}
6906 [searcherExecutor-6-thread-1-processing-{core=geospace}] INFO  org.apache.solr.core.SolrCore  [   geospace] – QuerySenderListener done.
6906 [searcherExecutor-6-thread-1-processing-{core=geospace}] INFO  org.apache.solr.handler.component.SpellCheckComponent  [   geospace] – Loading spell index for spellchecker: default
6907 [searcherExecutor-6-thread-1-processing-{core=geospace}] INFO  org.apache.solr.handler.component.SpellCheckComponent  [   geospace] – Loading spell index for spellchecker: wordbreak
6907 [coreLoadExecutor-5-thread-1] INFO  org.apache.solr.update.UpdateLog  [   geospace] – Looking up max value of version field to seed version buckets
6907 [searcherExecutor-6-thread-1-processing-{core=geospace}] INFO  org.apache.solr.core.SolrCore  [   geospace] – [geospace] Registered new searcher Searcher@57cead[geospace] main{ExitableDirectoryReader(UninvertingDirectoryReader(Uninverting(_1(5.2.1):C78)))}
6911 [coreLoadExecutor-5-thread-1] INFO  org.apache.solr.update.VersionInfo  [   geospace] – Refreshing highest value of _version_ for 65536 version buckets from index
6924 [coreLoadExecutor-5-thread-1] INFO  org.apache.solr.update.VersionInfo  [   geospace] – Found MAX value 1504939232537346048 from Terms for _version_ in index
6928 [coreLoadExecutor-5-thread-1] INFO  org.apache.solr.update.UpdateLog  [   geospace] – Took 19 ms to seed version buckets with highest version 1504939232537346048
6929 [coreLoadExecutor-5-thread-1] INFO  org.apache.solr.core.CoreContainer  [   geospace] – registering core: geospace
6930 [main] INFO  org.apache.solr.servlet.SolrDispatchFilter  [   ] – user.dir=/home/innovator/Downloads/solr-5.2.1/server
6930 [main] INFO  org.apache.solr.servlet.SolrDispatchFilter  [   ] – SolrDispatchFilter.init() done
6950 [main] INFO  org.eclipse.jetty.server.handler.ContextHandler  [   ] – Started o.e.j.w.WebAppContext@158af63{/solr,file:/home/innovator/Downloads/solr-5.2.1/server/solr-webapp/webapp/,AVAILABLE}{/solr.war}
6971 [main] INFO  org.eclipse.jetty.server.ServerConnector  [   ] – Started ServerConnector@1c85d64{HTTP/1.1}{0.0.0.0:8983}
6972 [main] INFO  org.eclipse.jetty.server.Server  [   ] – Started @7602ms
8031 [qtp202259-17] INFO  org.apache.solr.core.SolrCore.Request  [   geospace] – [geospace] webapp=/solr path=/browse params={d=10&q=&sfield=Point&pt=35.77126,-83.974397&queryOpts=spatial&queryOpts=spatial&fq={!bbox}} hits=5 status=0 QTime=125 
8031 [qtp202259-17] INFO  org.apache.solr.core.PluginBag  [   geospace] – Going to create a new queryResponseWriter with {type = queryResponseWriter,name = velocity,class = solr.VelocityResponseWriter,args = {template.base.dir=}} 
8428 [qtp202259-17] ERROR org.apache.solr.response.VelocityResponseWriter  [   geospace] – Left side ($collations.size()) of '>' operation has null value at did_you_mean.vm[line 6, column 25]
8789 [qtp202259-16] INFO  org.apache.solr.core.SolrCore.Request  [   geospace] – [geospace] webapp=/solr path=/admin/file params={file=/velocity/main.css&contentType=text/css} status=0 QTime=1 
8791 [qtp202259-12] INFO  org.apache.solr.core.SolrCore.Request  [   geospace] – [geospace] webapp=/solr path=/admin/file params={file=/velocity/jquery.autocomplete.css&contentType=text/css} status=0 QTime=1 
8792 [qtp202259-15] INFO  org.apache.solr.core.SolrCore.Request  [   geospace] – [geospace] webapp=/solr path=/admin/file params={file=/velocity/jquery.autocomplete.js&contentType=text/javascript} status=0 QTime=1 
13477 [qtp202259-17] INFO  org.apache.solr.core.SolrCore.Request  [   geospace] – [geospace] webapp=/solr path=/browse params={} hits=78 status=0 QTime=13 
13517 [qtp202259-17] ERROR org.apache.solr.response.VelocityResponseWriter  [   geospace] – Left side ($collations.size()) of '>' operation has null value at did_you_mean.vm[line 6, column 25]
13904 [qtp202259-20] INFO  org.apache.solr.core.SolrCore.Request  [   geospace] – [geospace] webapp=/solr path=/admin/file params={file=/velocity/main.css&contentType=text/css} status=0 QTime=0 
13907 [qtp202259-20] INFO  org.apache.solr.core.SolrCore.Request  [   geospace] – [geospace] webapp=/solr path=/admin/file params={file=/velocity/jquery.autocomplete.css&contentType=text/css} status=0 QTime=0 
13908 [qtp202259-17] INFO  org.apache.solr.core.SolrCore.Request  [   geospace] – [geospace] webapp=/solr path=/admin/file params={file=/velocity/jquery.autocomplete.js&contentType=text/javascript} status=0 QTime=1 
33561 [qtp202259-12] INFO  org.apache.solr.core.SolrCore.Request  [   geospace] – [geospace] webapp=/solr path=/browse params={q=&bf=Revenue_mil} hits=78 status=0 QTime=21 
33626 [qtp202259-12] ERROR org.apache.solr.response.VelocityResponseWriter  [   geospace] – Left side ($collations.size()) of '>' operation has null value at did_you_mean.vm[line 6, column 25]
33817 [qtp202259-18] INFO  org.apache.solr.core.SolrCore.Request  [   geospace] – [geospace] webapp=/solr path=/admin/file params={file=/velocity/main.css&contentType=text/css} status=0 QTime=0 
33826 [qtp202259-20] INFO  org.apache.solr.core.SolrCore.Request  [   geospace] – [geospace] webapp=/solr path=/admin/file params={file=/velocity/jquery.autocomplete.css&contentType=text/css} status=0 QTime=0 
33969 [qtp202259-16] INFO  org.apache.solr.core.SolrCore.Request  [   geospace] – [geospace] webapp=/solr path=/admin/file params={file=/velocity/jquery.autocomplete.js&contentType=text/javascript} status=0 QTime=0 
42111 [qtp202259-12] INFO  org.apache.solr.core.SolrCore.Request  [   geospace] – [geospace] webapp=/solr path=/browse params={q=Industry:"Construction+/+Engineering"&mlt=true} hits=13 status=0 QTime=49 
42142 [qtp202259-12] ERROR org.apache.solr.response.VelocityResponseWriter  [   geospace] – Left side ($collations.size()) of '>' operation has null value at did_you_mean.vm[line 6, column 25]
42351 [qtp202259-15] INFO  org.apache.solr.core.SolrCore.Request  [   geospace] – [geospace] webapp=/solr path=/admin/file params={file=/velocity/main.css&contentType=text/css} status=0 QTime=0 
42352 [qtp202259-18] INFO  org.apache.solr.core.SolrCore.Request  [   geospace] – [geospace] webapp=/solr path=/admin/file params={file=/velocity/jquery.autocomplete.js&contentType=text/javascript} status=0 QTime=0 
42352 [qtp202259-20] INFO  org.apache.solr.core.SolrCore.Request  [   geospace] – [geospace] webapp=/solr path=/admin/file params={file=/velocity/jquery.autocomplete.css&contentType=text/css} status=0 QTime=0 
56353 [qtp202259-12] INFO  org.apache.solr.core.SolrCore.Request  [   geospace] – [geospace] webapp=/solr path=/browse params={queryOpts=spatial} hits=78 status=0 QTime=5 
56379 [qtp202259-12] ERROR org.apache.solr.response.VelocityResponseWriter  [   geospace] – Left side ($collations.size()) of '>' operation has null value at did_you_mean.vm[line 6, column 25]
56519 [qtp202259-15] INFO  org.apache.solr.core.SolrCore.Request  [   geospace] – [geospace] webapp=/solr path=/admin/file params={file=/velocity/main.css&contentType=text/css} status=0 QTime=1 
56521 [qtp202259-18] INFO  org.apache.solr.core.SolrCore.Request  [   geospace] – [geospace] webapp=/solr path=/admin/file params={file=/velocity/jquery.autocomplete.css&contentType=text/css} status=0 QTime=0 
56523 [qtp202259-20] INFO  org.apache.solr.core.SolrCore.Request  [   geospace] – [geospace] webapp=/solr path=/admin/file params={file=/velocity/jquery.autocomplete.js&contentType=text/javascript} status=0 QTime=0 
57537 [qtp202259-16] INFO  org.apache.solr.core.SolrCore.Request  [   geospace] – [geospace] webapp=/solr path=/browse params={} hits=78 status=0 QTime=5 
57564 [qtp202259-16] ERROR org.apache.solr.response.VelocityResponseWriter  [   geospace] – Left side ($collations.size()) of '>' operation has null value at did_you_mean.vm[line 6, column 25]
57719 [qtp202259-13] INFO  org.apache.solr.core.SolrCore.Request  [   geospace] – [geospace] webapp=/solr path=/admin/file params={file=/velocity/main.css&contentType=text/css} status=0 QTime=0 
57723 [qtp202259-12] INFO  org.apache.solr.core.SolrCore.Request  [   geospace] – [geospace] webapp=/solr path=/admin/file params={file=/velocity/jquery.autocomplete.css&contentType=text/css} status=0 QTime=0 
57723 [qtp202259-15] INFO  org.apache.solr.core.SolrCore.Request  [   geospace] – [geospace] webapp=/solr path=/admin/file params={file=/velocity/jquery.autocomplete.js&contentType=text/javascript} status=0 QTime=0 
60326 [qtp202259-20] INFO  org.apache.solr.core.SolrCore.Request  [   geospace] – [geospace] webapp=/solr path=/browse params={q=Industry:"Minerals+&mlt=true&Mining"=} hits=0 status=0 QTime=4 
60345 [qtp202259-20] ERROR org.apache.solr.response.VelocityResponseWriter  [   geospace] – Left side ($collations.size()) of '>' operation has null value at did_you_mean.vm[line 6, column 25]
60477 [qtp202259-17] INFO  org.apache.solr.core.SolrCore.Request  [   geospace] – [geospace] webapp=/solr path=/admin/file params={file=/velocity/main.css&contentType=text/css} status=0 QTime=0 
60482 [qtp202259-16] INFO  org.apache.solr.core.SolrCore.Request  [   geospace] – [geospace] webapp=/solr path=/admin/file params={file=/velocity/jquery.autocomplete.css&contentType=text/css} status=0 QTime=0 
60482 [qtp202259-13] INFO  org.apache.solr.core.SolrCore.Request  [   geospace] – [geospace] webapp=/solr path=/admin/file params={file=/velocity/jquery.autocomplete.js&contentType=text/javascript} status=0 QTime=0 
224122 [qtp202259-20] INFO  org.apache.solr.core.SolrCore.Request  [   geospace] – [geospace] webapp=/solr path=/browse params={q=Industry:"Minerals+&mlt=true&Mining"=} hits=0 status=0 QTime=3 
224140 [qtp202259-20] ERROR org.apache.solr.response.VelocityResponseWriter  [   geospace] – Left side ($collations.size()) of '>' operation has null value at did_you_mean.vm[line 6, column 25]
224287 [qtp202259-17] INFO  org.apache.solr.core.SolrCore.Request  [   geospace] – [geospace] webapp=/solr path=/admin/file params={file=/velocity/main.css&contentType=text/css} status=0 QTime=0 
224289 [qtp202259-16] INFO  org.apache.solr.core.SolrCore.Request  [   geospace] – [geospace] webapp=/solr path=/admin/file params={file=/velocity/jquery.autocomplete.css&contentType=text/css} status=0 QTime=0 
224290 [qtp202259-13] INFO  org.apache.solr.core.SolrCore.Request  [   geospace] – [geospace] webapp=/solr path=/admin/file params={file=/velocity/jquery.autocomplete.js&contentType=text/javascript} status=0 QTime=1 
226909 [qtp202259-15] INFO  org.apache.solr.core.PluginBag  [   geospace] – Going to create a new requestHandler with {type = requestHandler,name = /terms,class = solr.SearchHandler,args = {defaults={terms=true,distrib=false},components=[terms]}} 
226910 [qtp202259-15] INFO  org.apache.solr.core.SolrCore.Request  [   geospace] – [geospace] webapp=/solr path=/terms params={timestamp=1435223582790&limit=10&terms.fl=name&q=industry:"minerals+&wt=velocity&v.template=suggest&terms.sort=count&terms.prefix=Industry:"Minerals+} status=0 QTime=1 
228856 [qtp202259-20] INFO  org.apache.solr.core.SolrCore.Request  [   geospace] – [geospace] webapp=/solr path=/browse params={q=} hits=78 status=0 QTime=5 
228881 [qtp202259-20] ERROR org.apache.solr.response.VelocityResponseWriter  [   geospace] – Left side ($collations.size()) of '>' operation has null value at did_you_mean.vm[line 6, column 25]
228999 [qtp202259-17] INFO  org.apache.solr.core.SolrCore.Request  [   geospace] – [geospace] webapp=/solr path=/admin/file params={file=/velocity/main.css&contentType=text/css} status=0 QTime=0 
228999 [qtp202259-16] INFO  org.apache.solr.core.SolrCore.Request  [   geospace] – [geospace] webapp=/solr path=/admin/file params={file=/velocity/jquery.autocomplete.css&contentType=text/css} status=0 QTime=0 
229267 [qtp202259-13] INFO  org.apache.solr.core.SolrCore.Request  [   geospace] – [geospace] webapp=/solr path=/admin/file params={file=/velocity/jquery.autocomplete.js&contentType=text/javascript} status=0 QTime=0 
